<?xml version="1.0" encoding="UTF-8"?>
<testsuites>
  <testsuite name="Music Festival and band results On Android and iOS mobile application" time="52.038999999999994" tests="11" failures="4" errors="0" skipped="0">
    <testcase name="Verify that user launches Engery australia coding sample app on IOS and Android platforms. Make sure festival results are displayed." classname="music-festival-and-band-results-on-android-and-ios-mobile-application;verify-that-user-launches-engery-australia-coding-sample-app-on-ios-and-android-platforms.-make-sure-festival-results-are-displayed." time="5.086"/>
    <testcase name="Verify that user launches Engery australia coding sample app on IOS and Android platforms. Make sure festival results are displayed." classname="music-festival-and-band-results-on-android-and-ios-mobile-application;verify-that-user-launches-engery-australia-coding-sample-app-on-ios-and-android-platforms.-make-sure-festival-results-are-displayed." time="4.9959999999999996"/>
    <testcase name="Verify that user launches Engery australia coding sample app on IOS and Android platforms. Make sure festival results are displayed." classname="music-festival-and-band-results-on-android-and-ios-mobile-application;verify-that-user-launches-engery-australia-coding-sample-app-on-ios-and-android-platforms.-make-sure-festival-results-are-displayed." time="4.204999999999999">
      <failure message="AssertionError&#xA;    + expected - actual&#xA;&#xA;    -false&#xA;    +true&#xA;&#xA;    at FestivalResults.VerifyFestivalName (/Users/x/MobileEnergyAustraliaAssessment/tests/screenobjects/FestivalResults.ts:22:39)&#xA;    at processTicksAndRejections (node:internal/process/task_queues:95:5)&#xA;    at async World.&lt;anonymous> (/Users/x/MobileEnergyAustraliaAssessment/tests/stepdefinitions/steps.ts:16:5)"/>
    </testcase>
    <testcase name="Verify that user launches Engery australia coding sample app on IOS and Android platforms. Make sure festival results are displayed." classname="music-festival-and-band-results-on-android-and-ios-mobile-application;verify-that-user-launches-engery-australia-coding-sample-app-on-ios-and-android-platforms.-make-sure-festival-results-are-displayed." time="4.918"/>
    <testcase name="Verify that user launches Engery australia coding sample app on IOS and Android platforms. Make sure festival results are displayed." classname="music-festival-and-band-results-on-android-and-ios-mobile-application;verify-that-user-launches-engery-australia-coding-sample-app-on-ios-and-android-platforms.-make-sure-festival-results-are-displayed." time="5.175"/>
    <testcase name="Verify that user launches Engery australia coding sample app on IOS and Android platforms. Make sure festival results are displayed." classname="music-festival-and-band-results-on-android-and-ios-mobile-application;verify-that-user-launches-engery-australia-coding-sample-app-on-ios-and-android-platforms.-make-sure-festival-results-are-displayed." time="4.116">
      <failure message="AssertionError&#xA;    + expected - actual&#xA;&#xA;    -false&#xA;    +true&#xA;&#xA;    at FestivalResults.VerifyFestivalName (/Users/x/MobileEnergyAustraliaAssessment/tests/screenobjects/FestivalResults.ts:22:39)&#xA;    at processTicksAndRejections (node:internal/process/task_queues:95:5)&#xA;    at async World.&lt;anonymous> (/Users/x/MobileEnergyAustraliaAssessment/tests/stepdefinitions/steps.ts:16:5)"/>
    </testcase>
    <testcase name="Verify that user launches Engery australia coding sample app on IOS and Android platforms. Make sure festival results are displayed." classname="music-festival-and-band-results-on-android-and-ios-mobile-application;verify-that-user-launches-engery-australia-coding-sample-app-on-ios-and-android-platforms.-make-sure-festival-results-are-displayed." time="4.8790000000000004"/>
    <testcase name="Verify that user launches Engery australia coding sample app on IOS and Android platforms. Make sure festival results are displayed." classname="music-festival-and-band-results-on-android-and-ios-mobile-application;verify-that-user-launches-engery-australia-coding-sample-app-on-ios-and-android-platforms.-make-sure-festival-results-are-displayed." time="4.848999999999999"/>
    <testcase name="Verify that user launches Engery australia coding sample app on IOS and Android platforms. Make sure festival results are displayed." classname="music-festival-and-band-results-on-android-and-ios-mobile-application;verify-that-user-launches-engery-australia-coding-sample-app-on-ios-and-android-platforms.-make-sure-festival-results-are-displayed." time="4.254">
      <failure message="AssertionError&#xA;    + expected - actual&#xA;&#xA;    -false&#xA;    +true&#xA;&#xA;    at FestivalResults.VerifyFestivalName (/Users/x/MobileEnergyAustraliaAssessment/tests/screenobjects/FestivalResults.ts:22:39)&#xA;    at processTicksAndRejections (node:internal/process/task_queues:95:5)&#xA;    at async World.&lt;anonymous> (/Users/x/MobileEnergyAustraliaAssessment/tests/stepdefinitions/steps.ts:16:5)"/>
    </testcase>
    <testcase name="Verify that user launches Engery australia coding sample app on IOS and Android platforms. Make sure festival results are displayed." classname="music-festival-and-band-results-on-android-and-ios-mobile-application;verify-that-user-launches-engery-australia-coding-sample-app-on-ios-and-android-platforms.-make-sure-festival-results-are-displayed." time="5.019"/>
    <testcase name="Verify that user launches Engery australia coding sample app on IOS and Android platforms. Make sure festival results are displayed." classname="music-festival-and-band-results-on-android-and-ios-mobile-application;verify-that-user-launches-engery-australia-coding-sample-app-on-ios-and-android-platforms.-make-sure-festival-results-are-displayed." time="4.542">
      <failure message="AssertionError&#xA;    + expected - actual&#xA;&#xA;    -false&#xA;    +true&#xA;&#xA;    at FestivalResults.VerifyFestivalName (/Users/x/MobileEnergyAustraliaAssessment/tests/screenobjects/FestivalResults.ts:22:39)&#xA;    at processTicksAndRejections (node:internal/process/task_queues:95:5)&#xA;    at async World.&lt;anonymous> (/Users/x/MobileEnergyAustraliaAssessment/tests/stepdefinitions/steps.ts:16:5)"/>
    </testcase>
  </testsuite>
</testsuites>