<?xml version="1.0" encoding="UTF-8"?>
<testsuites>
  <testsuite name="Music Festival and band results On Android and iOS mobile application" time="18.253" tests="11" failures="5" errors="0" skipped="0">
    <testcase name="Verify that user launches Engery australia coding sample app on IOS and Android platforms. Make sure festival results are displayed." classname="music-festival-and-band-results-on-android-and-ios-mobile-application;verify-that-user-launches-engery-australia-coding-sample-app-on-ios-and-android-platforms.-make-sure-festival-results-are-displayed." time="1.7810000000000001"/>
    <testcase name="Verify that user launches Engery australia coding sample app on IOS and Android platforms. Make sure festival results are displayed." classname="music-festival-and-band-results-on-android-and-ios-mobile-application;verify-that-user-launches-engery-australia-coding-sample-app-on-ios-and-android-platforms.-make-sure-festival-results-are-displayed." time="1.694">
      <failure message="AssertionError&#xA;    + expected - actual&#xA;&#xA;    -false&#xA;    +true&#xA;&#xA;    at FestivalResults.VerifyFestivalName (/Users/x/MobileEnergyAustraliaAssessment/tests/screenobjects/FestivalResults.ts:27:39)&#xA;    at processTicksAndRejections (node:internal/process/task_queues:95:5)&#xA;    at async World.&lt;anonymous> (/Users/x/MobileEnergyAustraliaAssessment/tests/stepdefinitions/steps.ts:16:5)"/>
    </testcase>
    <testcase name="Verify that user launches Engery australia coding sample app on IOS and Android platforms. Make sure festival results are displayed." classname="music-festival-and-band-results-on-android-and-ios-mobile-application;verify-that-user-launches-engery-australia-coding-sample-app-on-ios-and-android-platforms.-make-sure-festival-results-are-displayed." time="1.663">
      <failure message="AssertionError&#xA;    + expected - actual&#xA;&#xA;    -false&#xA;    +true&#xA;&#xA;    at FestivalResults.VerifyFestivalName (/Users/x/MobileEnergyAustraliaAssessment/tests/screenobjects/FestivalResults.ts:27:39)&#xA;    at processTicksAndRejections (node:internal/process/task_queues:95:5)&#xA;    at async World.&lt;anonymous> (/Users/x/MobileEnergyAustraliaAssessment/tests/stepdefinitions/steps.ts:16:5)"/>
    </testcase>
    <testcase name="Verify that user launches Engery australia coding sample app on IOS and Android platforms. Make sure festival results are displayed." classname="music-festival-and-band-results-on-android-and-ios-mobile-application;verify-that-user-launches-engery-australia-coding-sample-app-on-ios-and-android-platforms.-make-sure-festival-results-are-displayed." time="1.7499999999999998">
      <failure message="AssertionError&#xA;    + expected - actual&#xA;&#xA;    -false&#xA;    +true&#xA;&#xA;    at FestivalResults.VerifyFestivalName (/Users/x/MobileEnergyAustraliaAssessment/tests/screenobjects/FestivalResults.ts:27:39)&#xA;    at processTicksAndRejections (node:internal/process/task_queues:95:5)&#xA;    at async World.&lt;anonymous> (/Users/x/MobileEnergyAustraliaAssessment/tests/stepdefinitions/steps.ts:16:5)"/>
    </testcase>
    <testcase name="Verify that user launches Engery australia coding sample app on IOS and Android platforms. Make sure festival results are displayed." classname="music-festival-and-band-results-on-android-and-ios-mobile-application;verify-that-user-launches-engery-australia-coding-sample-app-on-ios-and-android-platforms.-make-sure-festival-results-are-displayed." time="1.7120000000000002"/>
    <testcase name="Verify that user launches Engery australia coding sample app on IOS and Android platforms. Make sure festival results are displayed." classname="music-festival-and-band-results-on-android-and-ios-mobile-application;verify-that-user-launches-engery-australia-coding-sample-app-on-ios-and-android-platforms.-make-sure-festival-results-are-displayed." time="1.5749999999999997"/>
    <testcase name="Verify that user launches Engery australia coding sample app on IOS and Android platforms. Make sure festival results are displayed." classname="music-festival-and-band-results-on-android-and-ios-mobile-application;verify-that-user-launches-engery-australia-coding-sample-app-on-ios-and-android-platforms.-make-sure-festival-results-are-displayed." time="1.679"/>
    <testcase name="Verify that user launches Engery australia coding sample app on IOS and Android platforms. Make sure festival results are displayed." classname="music-festival-and-band-results-on-android-and-ios-mobile-application;verify-that-user-launches-engery-australia-coding-sample-app-on-ios-and-android-platforms.-make-sure-festival-results-are-displayed." time="1.6010000000000002">
      <failure message="AssertionError&#xA;    + expected - actual&#xA;&#xA;    -false&#xA;    +true&#xA;&#xA;    at FestivalResults.VerifyFestivalName (/Users/x/MobileEnergyAustraliaAssessment/tests/screenobjects/FestivalResults.ts:27:39)&#xA;    at processTicksAndRejections (node:internal/process/task_queues:95:5)&#xA;    at async World.&lt;anonymous> (/Users/x/MobileEnergyAustraliaAssessment/tests/stepdefinitions/steps.ts:16:5)"/>
    </testcase>
    <testcase name="Verify that user launches Engery australia coding sample app on IOS and Android platforms. Make sure festival results are displayed." classname="music-festival-and-band-results-on-android-and-ios-mobile-application;verify-that-user-launches-engery-australia-coding-sample-app-on-ios-and-android-platforms.-make-sure-festival-results-are-displayed." time="1.5779999999999998">
      <failure message="AssertionError&#xA;    + expected - actual&#xA;&#xA;    -false&#xA;    +true&#xA;&#xA;    at FestivalResults.VerifyFestivalName (/Users/x/MobileEnergyAustraliaAssessment/tests/screenobjects/FestivalResults.ts:27:39)&#xA;    at processTicksAndRejections (node:internal/process/task_queues:95:5)&#xA;    at async World.&lt;anonymous> (/Users/x/MobileEnergyAustraliaAssessment/tests/stepdefinitions/steps.ts:16:5)"/>
    </testcase>
    <testcase name="Verify that user launches Engery australia coding sample app on IOS and Android platforms. Make sure festival results are displayed." classname="music-festival-and-band-results-on-android-and-ios-mobile-application;verify-that-user-launches-engery-australia-coding-sample-app-on-ios-and-android-platforms.-make-sure-festival-results-are-displayed." time="1.682"/>
    <testcase name="Verify that user launches Engery australia coding sample app on IOS and Android platforms. Make sure festival results are displayed." classname="music-festival-and-band-results-on-android-and-ios-mobile-application;verify-that-user-launches-engery-australia-coding-sample-app-on-ios-and-android-platforms.-make-sure-festival-results-are-displayed." time="1.5379999999999998"/>
  </testsuite>
</testsuites>